<?xml version="1.0" encoding="UTF-8" ?>
<testsuites>
  <testsuite errors="0" failures="0" hostname="AJV2-PC" id="0" name="print" package="" skipped="0" tests="1" time="0.157" timestamp="2013-07-19T17:28:48">
      <properties>
[...]
</properties>

      <testcase classname="print" name="printquote" time="0.001" />

      <system-out><![CDATA[truth alone triumphs
Where there is love there is life.
An eye for an eye only ends up making the whole world blind
]]></system-out>

      <system-err><![CDATA[]]></system-err>

  </testsuite>
</testsuites>
